<?xml version="1.0" encoding="UTF-8"?>
<!-- Generated by org.testng.reporters.JUnitReportReporter -->
<testsuite hostname="Gautham-Laptop" failures="0" tests="10" name="TechM.TestNG.check" time="0.007" errors="0" timestamp="2021-03-19T20:45:27 IST" skipped="0">
  <testcase classname="TechM.TestNG.check" name="Test2" time="0.001"/>
  <system-out/>
  <testcase classname="TechM.TestNG.check" name="Test1" time="0.001"/>
  <system-out/>
  <testcase classname="TechM.TestNG.check" name="Test1" time="0.002"/>
  <system-out/>
  <testcase classname="TechM.TestNG.check" name="Test2" time="0.000"/>
  <system-out/>
  <testcase classname="TechM.TestNG.check" name="Test2" time="0.000"/>
  <system-out/>
  <testcase classname="TechM.TestNG.check" name="Test1" time="0.001"/>
  <system-out/>
  <testcase classname="TechM.TestNG.check" name="Test1" time="0.001"/>
  <system-out/>
  <testcase classname="TechM.TestNG.check" name="Test2" time="0.000"/>
  <system-out/>
  <testcase classname="TechM.TestNG.check" name="Test1" time="0.001"/>
  <system-out/>
  <testcase classname="TechM.TestNG.check" name="Test2" time="0.000"/>
  <system-out/>
</testsuite> <!-- TechM.TestNG.check -->
