<?xml version="1.0" encoding="UTF-8"?>
<!-- Generated by org.testng.reporters.JUnitReportReporter -->
<testsuite hostname="Gautham-Laptop" failures="0" tests="2" name="TechM.TestNG.TestNG4" time="0.001" errors="0" timestamp="2021-03-19T20:45:27 IST" skipped="0">
  <testcase classname="TechM.TestNG.TestNG4" name="passTC1" time="0.001"/>
  <system-out/>
  <testcase classname="TechM.TestNG.TestNG4" name="passTC2" time="0.000"/>
  <system-out/>
</testsuite> <!-- TechM.TestNG.TestNG4 -->
