<?xml version="1.0" encoding="UTF-8"?>
<!-- Generated by org.testng.reporters.JUnitReportReporter -->
<testsuite hostname="Gautham-Laptop" failures="0" tests="3" name="TechM.TestNG.TestNG1" time="0.003" errors="0" timestamp="2021-03-19T20:39:46 IST" skipped="0">
  <testcase classname="TechM.TestNG.TestNG1" name="runTest3" time="0.001"/>
  <system-out/>
  <testcase classname="TechM.TestNG.TestNG1" name="runTest2" time="0.001"/>
  <system-out/>
  <testcase classname="TechM.TestNG.TestNG1" name="runTest1" time="0.001"/>
  <system-out/>
</testsuite> <!-- TechM.TestNG.TestNG1 -->
